[0m13:26:13.602059 [debug] [MainThread]: Sending event: {'category': 'dbt', 'action': 'invocation', 'label': 'start', 'context': [<snowplow_tracker.self_describing_json.SelfDescribingJson object at 0x000001F3A1BA8990>, <snowplow_tracker.self_describing_json.SelfDescribingJson object at 0x000001F3A1962610>, <snowplow_tracker.self_describing_json.SelfDescribingJson object at 0x000001F3A1B427D0>]}


============================== 13:26:13.851993 | d28ebfce-fb70-48f8-9efd-53719f3baee3 ==============================
[0m13:26:13.851993 [info ] [MainThread]: Running with dbt=1.9.2
[0m13:26:13.854998 [debug] [MainThread]: running dbt with arguments {'printer_width': '80', 'indirect_selection': 'eager', 'write_json': 'True', 'log_cache_events': 'False', 'partial_parse': 'True', 'cache_selected_only': 'False', 'profiles_dir': 'C:\\Users\\Robel\\.dbt', 'fail_fast': 'False', 'warn_error': 'None', 'log_path': 'D:\\KAIM\\WEEK 7\\KAIM WEEK7\\my_project\\logs', 'version_check': 'True', 'debug': 'False', 'use_colors': 'True', 'use_experimental_parser': 'False', 'no_print': 'None', 'quiet': 'False', 'empty': 'False', 'log_format': 'default', 'static_parser': 'True', 'introspect': 'True', 'invocation_command': 'dbt run --profiles-dir C:\\Users\\Robel\\.dbt', 'target_path': 'None', 'warn_error_options': 'WarnErrorOptions(include=[], exclude=[])', 'send_anonymous_usage_stats': 'True'}
[0m13:26:13.890994 [error] [MainThread]: Encountered an error:
Runtime Error
  dbt cannot run because no profile was specified for this dbt project.
  To specify a profile for this project, add a line like the this to
  your dbt_project.yml file:
  
  profile: [profile name]
  
  Here, [profile name] should be replaced with a profile name
  defined in your profiles.yml file. You can find profiles.yml here:
  
  C:\Users\Robel\.dbt/profiles.yml
  
[0m13:26:13.912992 [debug] [MainThread]: Command `dbt run` failed at 13:26:13.912992 after 0.53 seconds
[0m13:26:13.914993 [debug] [MainThread]: Sending event: {'category': 'dbt', 'action': 'invocation', 'label': 'end', 'context': [<snowplow_tracker.self_describing_json.SelfDescribingJson object at 0x000001F3A1BAA810>, <snowplow_tracker.self_describing_json.SelfDescribingJson object at 0x000001F3A1B48790>, <snowplow_tracker.self_describing_json.SelfDescribingJson object at 0x000001F3A186B610>]}
[0m13:26:13.915993 [debug] [MainThread]: Flushing usage events
[0m13:26:16.053857 [debug] [MainThread]: An error was encountered while trying to flush usage events
[0m13:31:39.563611 [debug] [MainThread]: Sending event: {'category': 'dbt', 'action': 'invocation', 'label': 'start', 'context': [<snowplow_tracker.self_describing_json.SelfDescribingJson object at 0x00000172B8EAAED0>, <snowplow_tracker.self_describing_json.SelfDescribingJson object at 0x00000172B8EAA6D0>, <snowplow_tracker.self_describing_json.SelfDescribingJson object at 0x00000172B8E42FD0>]}


============================== 13:31:39.571609 | e9208406-63f2-489d-bd3b-6645d5c059fb ==============================
[0m13:31:39.571609 [info ] [MainThread]: Running with dbt=1.9.2
[0m13:31:39.574610 [debug] [MainThread]: running dbt with arguments {'printer_width': '80', 'indirect_selection': 'eager', 'log_cache_events': 'False', 'write_json': 'True', 'partial_parse': 'True', 'cache_selected_only': 'False', 'warn_error': 'None', 'version_check': 'True', 'debug': 'False', 'log_path': 'D:\\KAIM\\WEEK 7\\KAIM WEEK7\\my_project\\logs', 'fail_fast': 'False', 'profiles_dir': 'C:\\Users\\Robel\\.dbt', 'use_colors': 'True', 'use_experimental_parser': 'False', 'no_print': 'None', 'quiet': 'False', 'empty': 'False', 'log_format': 'default', 'introspect': 'True', 'static_parser': 'True', 'warn_error_options': 'WarnErrorOptions(include=[], exclude=[])', 'target_path': 'None', 'invocation_command': 'dbt run --profiles-dir C:\\Users\\Robel\\.dbt', 'send_anonymous_usage_stats': 'True'}
[0m13:31:39.577611 [error] [MainThread]: Encountered an error:
Runtime Error
  dbt cannot run because no profile was specified for this dbt project.
  To specify a profile for this project, add a line like the this to
  your dbt_project.yml file:
  
  profile: [profile name]
  
  Here, [profile name] should be replaced with a profile name
  defined in your profiles.yml file. You can find profiles.yml here:
  
  C:\Users\Robel\.dbt/profiles.yml
  
[0m13:31:39.584614 [debug] [MainThread]: Command `dbt run` failed at 13:31:39.583610 after 0.20 seconds
[0m13:31:39.585610 [debug] [MainThread]: Sending event: {'category': 'dbt', 'action': 'invocation', 'label': 'end', 'context': [<snowplow_tracker.self_describing_json.SelfDescribingJson object at 0x00000172B8E48650>, <snowplow_tracker.self_describing_json.SelfDescribingJson object at 0x00000172B8EC8BD0>, <snowplow_tracker.self_describing_json.SelfDescribingJson object at 0x00000172B8ECB150>]}
[0m13:31:39.587610 [debug] [MainThread]: Flushing usage events
[0m13:31:41.757475 [debug] [MainThread]: An error was encountered while trying to flush usage events
[0m13:35:21.972706 [debug] [MainThread]: Sending event: {'category': 'dbt', 'action': 'invocation', 'label': 'start', 'context': [<snowplow_tracker.self_describing_json.SelfDescribingJson object at 0x0000020ECF9AB210>, <snowplow_tracker.self_describing_json.SelfDescribingJson object at 0x0000020ECE3392D0>, <snowplow_tracker.self_describing_json.SelfDescribingJson object at 0x0000020ECF2AA950>]}


============================== 13:35:21.980707 | 094a0f91-9337-4e3b-9047-7cb999a91efb ==============================
[0m13:35:21.980707 [info ] [MainThread]: Running with dbt=1.9.2
[0m13:35:21.983738 [debug] [MainThread]: running dbt with arguments {'printer_width': '80', 'indirect_selection': 'eager', 'write_json': 'True', 'log_cache_events': 'False', 'partial_parse': 'True', 'cache_selected_only': 'False', 'profiles_dir': 'C:\\Users\\Robel\\.dbt', 'fail_fast': 'False', 'version_check': 'True', 'log_path': 'D:\\KAIM\\WEEK 7\\KAIM WEEK7\\my_project\\logs', 'warn_error': 'None', 'debug': 'False', 'use_colors': 'True', 'use_experimental_parser': 'False', 'no_print': 'None', 'quiet': 'False', 'empty': 'False', 'warn_error_options': 'WarnErrorOptions(include=[], exclude=[])', 'invocation_command': 'dbt run --profiles-dir C:\\Users\\Robel\\.dbt', 'static_parser': 'True', 'log_format': 'default', 'target_path': 'None', 'introspect': 'True', 'send_anonymous_usage_stats': 'True'}
[0m13:35:22.198680 [warn ] [MainThread]: [[33mWARNING[0m]: Deprecated functionality
The `target-path` config in `dbt_project.yml` has been deprecated, and will no
longer be supported in a future version of dbt-core. If you wish to write dbt
artifacts to a custom directory, please use the --target-path CLI flag or
DBT_TARGET_PATH env var instead.
[0m13:35:22.203679 [debug] [MainThread]: Sending event: {'category': 'dbt', 'action': 'deprecation', 'label': '094a0f91-9337-4e3b-9047-7cb999a91efb', 'property_': 'warn', 'context': [<snowplow_tracker.self_describing_json.SelfDescribingJson object at 0x0000020ECFC9C950>]}
[0m13:35:33.545014 [debug] [MainThread]: Sending event: {'category': 'dbt', 'action': 'project_id', 'label': '094a0f91-9337-4e3b-9047-7cb999a91efb', 'context': [<snowplow_tracker.self_describing_json.SelfDescribingJson object at 0x0000020ECFCC7490>]}
[0m13:35:33.713957 [debug] [MainThread]: Sending event: {'category': 'dbt', 'action': 'adapter_info', 'label': '094a0f91-9337-4e3b-9047-7cb999a91efb', 'context': [<snowplow_tracker.self_describing_json.SelfDescribingJson object at 0x0000020ECBA4E750>]}
[0m13:35:33.716956 [info ] [MainThread]: Registered adapter: postgres=1.9.0
[0m13:35:34.459944 [debug] [MainThread]: checksum: 12b12750b70de726cfd89136b8e24afc3f3e77597a97bff40ab7e5f9b39d5e18, vars: {}, profile: , target: , version: 1.9.2
[0m13:35:34.473947 [info ] [MainThread]: Unable to do partial parsing because saved manifest not found. Starting full parse.
[0m13:35:34.475912 [debug] [MainThread]: Sending event: {'category': 'dbt', 'action': 'partial_parser', 'label': '094a0f91-9337-4e3b-9047-7cb999a91efb', 'context': [<snowplow_tracker.self_describing_json.SelfDescribingJson object at 0x0000020ED015B710>]}
[0m13:35:38.719694 [debug] [MainThread]: Sending event: {'category': 'dbt', 'action': 'load_project', 'label': '094a0f91-9337-4e3b-9047-7cb999a91efb', 'context': [<snowplow_tracker.self_describing_json.SelfDescribingJson object at 0x0000020ED015AAD0>]}
[0m13:35:39.056629 [debug] [MainThread]: Wrote artifact WritableManifest to D:/KAIM/WEEK 7/KAIM WEEK7/my_project/target\manifest.json
[0m13:35:39.086623 [debug] [MainThread]: Wrote artifact SemanticManifest to D:/KAIM/WEEK 7/KAIM WEEK7/my_project/target\semantic_manifest.json
[0m13:35:40.489534 [debug] [MainThread]: Sending event: {'category': 'dbt', 'action': 'resource_counts', 'label': '094a0f91-9337-4e3b-9047-7cb999a91efb', 'context': [<snowplow_tracker.self_describing_json.SelfDescribingJson object at 0x0000020ED0269CD0>]}
[0m13:35:40.492535 [info ] [MainThread]: Found 1 model, 431 macros
[0m13:35:40.494532 [debug] [MainThread]: Sending event: {'category': 'dbt', 'action': 'runnable_timing', 'label': '094a0f91-9337-4e3b-9047-7cb999a91efb', 'context': [<snowplow_tracker.self_describing_json.SelfDescribingJson object at 0x0000020ED02C24D0>]}
[0m13:35:40.500533 [info ] [MainThread]: 
[0m13:35:40.504535 [info ] [MainThread]: Concurrency: 4 threads (target='dev')
[0m13:35:40.506532 [info ] [MainThread]: 
[0m13:35:40.509535 [debug] [MainThread]: Acquiring new postgres connection 'master'
[0m13:35:40.512534 [debug] [ThreadPool]: Acquiring new postgres connection 'list_telegram_data'
[0m13:35:50.843885 [debug] [ThreadPool]: Using postgres connection "list_telegram_data"
[0m13:35:50.844885 [debug] [ThreadPool]: On list_telegram_data: /* {"app": "dbt", "dbt_version": "1.9.2", "profile_name": "my_project", "target_name": "dev", "connection_name": "list_telegram_data"} */

    select distinct nspname from pg_namespace
  
[0m13:35:50.845885 [debug] [ThreadPool]: Opening a new connection, currently in state init
[0m13:35:50.980929 [debug] [ThreadPool]: SQL status: SELECT 4 in 0.135 seconds
[0m13:35:51.001906 [debug] [ThreadPool]: On list_telegram_data: Close
[0m13:35:51.003875 [debug] [ThreadPool]: Re-using an available connection from the pool (formerly list_telegram_data, now create_telegram_data_cleaned_data)
[0m13:35:51.016910 [debug] [ThreadPool]: Creating schema "database: "telegram_data"
schema: "cleaned_data"
"
[0m13:35:51.026906 [debug] [ThreadPool]: Using postgres connection "create_telegram_data_cleaned_data"
[0m13:35:51.027906 [debug] [ThreadPool]: On create_telegram_data_cleaned_data: BEGIN
[0m13:35:51.028906 [debug] [ThreadPool]: Opening a new connection, currently in state closed
[0m13:35:51.145866 [debug] [ThreadPool]: SQL status: BEGIN in 0.116 seconds
[0m13:35:51.146866 [debug] [ThreadPool]: Using postgres connection "create_telegram_data_cleaned_data"
[0m13:35:51.147866 [debug] [ThreadPool]: On create_telegram_data_cleaned_data: /* {"app": "dbt", "dbt_version": "1.9.2", "profile_name": "my_project", "target_name": "dev", "connection_name": "create_telegram_data_cleaned_data"} */
create schema if not exists "cleaned_data"
[0m13:35:51.216864 [debug] [ThreadPool]: SQL status: CREATE SCHEMA in 0.068 seconds
[0m13:35:51.220863 [debug] [ThreadPool]: On create_telegram_data_cleaned_data: COMMIT
[0m13:35:51.223863 [debug] [ThreadPool]: Using postgres connection "create_telegram_data_cleaned_data"
[0m13:35:51.225863 [debug] [ThreadPool]: On create_telegram_data_cleaned_data: COMMIT
[0m13:35:51.249861 [debug] [ThreadPool]: SQL status: COMMIT in 0.022 seconds
[0m13:35:51.252862 [debug] [ThreadPool]: On create_telegram_data_cleaned_data: Close
[0m13:35:51.256860 [debug] [ThreadPool]: Acquiring new postgres connection 'list_telegram_data_cleaned_data'
[0m13:35:51.271860 [debug] [ThreadPool]: Using postgres connection "list_telegram_data_cleaned_data"
[0m13:35:51.273858 [debug] [ThreadPool]: On list_telegram_data_cleaned_data: BEGIN
[0m13:35:51.274858 [debug] [ThreadPool]: Opening a new connection, currently in state init
[0m13:35:51.338855 [debug] [ThreadPool]: SQL status: BEGIN in 0.064 seconds
[0m13:35:51.339854 [debug] [ThreadPool]: Using postgres connection "list_telegram_data_cleaned_data"
[0m13:35:51.340855 [debug] [ThreadPool]: On list_telegram_data_cleaned_data: /* {"app": "dbt", "dbt_version": "1.9.2", "profile_name": "my_project", "target_name": "dev", "connection_name": "list_telegram_data_cleaned_data"} */
select
      'telegram_data' as database,
      tablename as name,
      schemaname as schema,
      'table' as type
    from pg_tables
    where schemaname ilike 'cleaned_data'
    union all
    select
      'telegram_data' as database,
      viewname as name,
      schemaname as schema,
      'view' as type
    from pg_views
    where schemaname ilike 'cleaned_data'
    union all
    select
      'telegram_data' as database,
      matviewname as name,
      schemaname as schema,
      'materialized_view' as type
    from pg_matviews
    where schemaname ilike 'cleaned_data'
  
[0m13:35:51.362852 [debug] [ThreadPool]: SQL status: SELECT 0 in 0.021 seconds
[0m13:35:51.365883 [debug] [ThreadPool]: On list_telegram_data_cleaned_data: ROLLBACK
[0m13:35:51.367856 [debug] [ThreadPool]: On list_telegram_data_cleaned_data: Close
[0m13:35:51.378883 [debug] [MainThread]: Using postgres connection "master"
[0m13:35:51.379884 [debug] [MainThread]: On master: BEGIN
[0m13:35:51.380884 [debug] [MainThread]: Opening a new connection, currently in state init
[0m13:35:51.454847 [debug] [MainThread]: SQL status: BEGIN in 0.074 seconds
[0m13:35:51.455878 [debug] [MainThread]: Using postgres connection "master"
[0m13:35:51.456847 [debug] [MainThread]: On master: /* {"app": "dbt", "dbt_version": "1.9.2", "profile_name": "my_project", "target_name": "dev", "connection_name": "master"} */
with relation as (
        select
            pg_rewrite.ev_class as class,
            pg_rewrite.oid as id
        from pg_rewrite
    ),
    class as (
        select
            oid as id,
            relname as name,
            relnamespace as schema,
            relkind as kind
        from pg_class
    ),
    dependency as (
        select distinct
            pg_depend.objid as id,
            pg_depend.refobjid as ref
        from pg_depend
    ),
    schema as (
        select
            pg_namespace.oid as id,
            pg_namespace.nspname as name
        from pg_namespace
        where nspname != 'information_schema' and nspname not like 'pg\_%'
    ),
    referenced as (
        select
            relation.id AS id,
            referenced_class.name ,
            referenced_class.schema ,
            referenced_class.kind
        from relation
        join class as referenced_class on relation.class=referenced_class.id
        where referenced_class.kind in ('r', 'v', 'm')
    ),
    relationships as (
        select
            referenced.name as referenced_name,
            referenced.schema as referenced_schema_id,
            dependent_class.name as dependent_name,
            dependent_class.schema as dependent_schema_id,
            referenced.kind as kind
        from referenced
        join dependency on referenced.id=dependency.id
        join class as dependent_class on dependency.ref=dependent_class.id
        where
            (referenced.name != dependent_class.name or
             referenced.schema != dependent_class.schema)
    )

    select
        referenced_schema.name as referenced_schema,
        relationships.referenced_name as referenced_name,
        dependent_schema.name as dependent_schema,
        relationships.dependent_name as dependent_name
    from relationships
    join schema as dependent_schema on relationships.dependent_schema_id=dependent_schema.id
    join schema as referenced_schema on relationships.referenced_schema_id=referenced_schema.id
    group by referenced_schema, referenced_name, dependent_schema, dependent_name
    order by referenced_schema, referenced_name, dependent_schema, dependent_name;
[0m13:35:51.518843 [debug] [MainThread]: SQL status: SELECT 0 in 0.060 seconds
[0m13:35:51.520843 [debug] [MainThread]: Sending event: {'category': 'dbt', 'action': 'runnable_timing', 'label': '094a0f91-9337-4e3b-9047-7cb999a91efb', 'context': [<snowplow_tracker.self_describing_json.SelfDescribingJson object at 0x0000020ED0BD4350>]}
[0m13:35:51.521843 [debug] [MainThread]: On master: ROLLBACK
[0m13:35:51.523842 [debug] [MainThread]: Using postgres connection "master"
[0m13:35:51.524842 [debug] [MainThread]: On master: BEGIN
[0m13:35:51.525894 [debug] [MainThread]: SQL status: BEGIN in 0.001 seconds
[0m13:35:51.526842 [debug] [MainThread]: On master: COMMIT
[0m13:35:51.527842 [debug] [MainThread]: Using postgres connection "master"
[0m13:35:51.528842 [debug] [MainThread]: On master: COMMIT
[0m13:35:51.529897 [debug] [MainThread]: SQL status: COMMIT in 0.000 seconds
[0m13:35:51.530842 [debug] [MainThread]: On master: Close
[0m13:35:51.549843 [debug] [Thread-1 (]: Began running node model.my_project.my_model
[0m13:35:51.551841 [info ] [Thread-1 (]: 1 of 1 START sql view model cleaned_data.my_model .............................. [RUN]
[0m13:35:51.553854 [debug] [Thread-1 (]: Acquiring new postgres connection 'model.my_project.my_model'
[0m13:35:51.554841 [debug] [Thread-1 (]: Began compiling node model.my_project.my_model
[0m13:35:51.566853 [debug] [Thread-1 (]: Writing injected SQL for node "model.my_project.my_model"
[0m13:35:51.568839 [debug] [Thread-1 (]: Began executing node model.my_project.my_model
[0m13:35:51.655865 [debug] [Thread-1 (]: Writing runtime sql for node "model.my_project.my_model"
[0m13:35:51.657866 [debug] [Thread-1 (]: Using postgres connection "model.my_project.my_model"
[0m13:35:51.659850 [debug] [Thread-1 (]: On model.my_project.my_model: BEGIN
[0m13:35:51.660841 [debug] [Thread-1 (]: Opening a new connection, currently in state init
[0m13:35:51.746843 [debug] [Thread-1 (]: SQL status: BEGIN in 0.086 seconds
[0m13:35:51.747844 [debug] [Thread-1 (]: Using postgres connection "model.my_project.my_model"
[0m13:35:51.749828 [debug] [Thread-1 (]: On model.my_project.my_model: /* {"app": "dbt", "dbt_version": "1.9.2", "profile_name": "my_project", "target_name": "dev", "node_id": "model.my_project.my_model"} */

  create view "telegram_data"."cleaned_data"."my_model__dbt_tmp"
    
    
  as (
    -- my_model.sql
SELECT *
FROM cleaned_data
WHERE Channel = 'doctorset'
  );
[0m13:35:51.829874 [debug] [Thread-1 (]: Postgres adapter: Postgres error: column "channel" does not exist
LINE 10: WHERE Channel = 'doctorset'
               ^
HINT:  Perhaps you meant to reference the column "cleaned_data.Channel".

[0m13:35:51.832875 [debug] [Thread-1 (]: On model.my_project.my_model: ROLLBACK
[0m13:35:51.835825 [debug] [Thread-1 (]: On model.my_project.my_model: Close
[0m13:35:51.930817 [debug] [Thread-1 (]: Database Error in model my_model (D:/KAIM/WEEK 7/KAIM WEEK7/my_project/models\my_model.sql)
  column "channel" does not exist
  LINE 10: WHERE Channel = 'doctorset'
                 ^
  HINT:  Perhaps you meant to reference the column "cleaned_data.Channel".
  compiled code at D:/KAIM/WEEK 7/KAIM WEEK7/my_project/models\my_model.sql
[0m13:35:51.947816 [debug] [Thread-1 (]: Sending event: {'category': 'dbt', 'action': 'run_model', 'label': '094a0f91-9337-4e3b-9047-7cb999a91efb', 'context': [<snowplow_tracker.self_describing_json.SelfDescribingJson object at 0x0000020ED0BA15D0>]}
[0m13:35:51.949817 [error] [Thread-1 (]: 1 of 1 ERROR creating sql view model cleaned_data.my_model ..................... [[31mERROR[0m in 0.38s]
[0m13:35:51.952818 [debug] [Thread-1 (]: Finished running node model.my_project.my_model
[0m13:35:51.954815 [debug] [Thread-7 (]: Marking all children of 'model.my_project.my_model' to be skipped because of status 'error'.  Reason: Database Error in model my_model (D:/KAIM/WEEK 7/KAIM WEEK7/my_project/models\my_model.sql)
  column "channel" does not exist
  LINE 10: WHERE Channel = 'doctorset'
                 ^
  HINT:  Perhaps you meant to reference the column "cleaned_data.Channel".
  compiled code at D:/KAIM/WEEK 7/KAIM WEEK7/my_project/models\my_model.sql.
[0m13:35:51.958815 [debug] [MainThread]: Using postgres connection "master"
[0m13:35:51.960815 [debug] [MainThread]: On master: BEGIN
[0m13:35:51.961845 [debug] [MainThread]: Opening a new connection, currently in state closed
[0m13:35:52.037812 [debug] [MainThread]: SQL status: BEGIN in 0.075 seconds
[0m13:35:52.038811 [debug] [MainThread]: On master: COMMIT
[0m13:35:52.039810 [debug] [MainThread]: Using postgres connection "master"
[0m13:35:52.040812 [debug] [MainThread]: On master: COMMIT
[0m13:35:52.041809 [debug] [MainThread]: SQL status: COMMIT in 0.000 seconds
[0m13:35:52.042812 [debug] [MainThread]: On master: Close
[0m13:35:52.043812 [debug] [MainThread]: Connection 'master' was properly closed.
[0m13:35:52.045811 [debug] [MainThread]: Connection 'create_telegram_data_cleaned_data' was properly closed.
[0m13:35:52.046810 [debug] [MainThread]: Connection 'list_telegram_data_cleaned_data' was properly closed.
[0m13:35:52.047810 [debug] [MainThread]: Connection 'model.my_project.my_model' was properly closed.
[0m13:35:52.048810 [info ] [MainThread]: 
[0m13:35:52.050810 [info ] [MainThread]: Finished running 1 view model in 0 hours 0 minutes and 11.54 seconds (11.54s).
[0m13:35:52.052812 [debug] [MainThread]: Command end result
[0m13:35:52.121807 [debug] [MainThread]: Wrote artifact WritableManifest to D:/KAIM/WEEK 7/KAIM WEEK7/my_project/target\manifest.json
[0m13:35:52.127806 [debug] [MainThread]: Wrote artifact SemanticManifest to D:/KAIM/WEEK 7/KAIM WEEK7/my_project/target\semantic_manifest.json
[0m13:35:52.139805 [debug] [MainThread]: Wrote artifact RunExecutionResult to D:/KAIM/WEEK 7/KAIM WEEK7/my_project/target\run_results.json
[0m13:35:52.141805 [info ] [MainThread]: 
[0m13:35:52.146809 [info ] [MainThread]: [31mCompleted with 1 error, 0 partial successes, and 0 warnings:[0m
[0m13:35:52.149806 [info ] [MainThread]: 
[0m13:35:52.152805 [error] [MainThread]:   Database Error in model my_model (D:/KAIM/WEEK 7/KAIM WEEK7/my_project/models\my_model.sql)
  column "channel" does not exist
  LINE 10: WHERE Channel = 'doctorset'
                 ^
  HINT:  Perhaps you meant to reference the column "cleaned_data.Channel".
  compiled code at D:/KAIM/WEEK 7/KAIM WEEK7/my_project/models\my_model.sql
[0m13:35:52.160804 [info ] [MainThread]: 
[0m13:35:52.162804 [info ] [MainThread]: Done. PASS=0 WARN=0 ERROR=1 SKIP=0 TOTAL=1
[0m13:35:52.167803 [debug] [MainThread]: Command `dbt run` failed at 13:35:52.166802 after 30.36 seconds
[0m13:35:52.169806 [debug] [MainThread]: Sending event: {'category': 'dbt', 'action': 'invocation', 'label': 'end', 'context': [<snowplow_tracker.self_describing_json.SelfDescribingJson object at 0x0000020ECF762210>, <snowplow_tracker.self_describing_json.SelfDescribingJson object at 0x0000020ECA437110>, <snowplow_tracker.self_describing_json.SelfDescribingJson object at 0x0000020ECA4375D0>]}
[0m13:35:52.171804 [debug] [MainThread]: Flushing usage events
[0m13:35:54.364712 [debug] [MainThread]: An error was encountered while trying to flush usage events
[0m13:44:20.046752 [debug] [MainThread]: Sending event: {'category': 'dbt', 'action': 'invocation', 'label': 'start', 'context': [<snowplow_tracker.self_describing_json.SelfDescribingJson object at 0x0000015E8A889110>, <snowplow_tracker.self_describing_json.SelfDescribingJson object at 0x0000015E8A8A8850>, <snowplow_tracker.self_describing_json.SelfDescribingJson object at 0x0000015E8A8A9D10>]}


============================== 13:44:20.054758 | 6c2124a6-3254-40de-b3da-f6882be0d2ec ==============================
[0m13:44:20.054758 [info ] [MainThread]: Running with dbt=1.9.2
[0m13:44:20.057748 [debug] [MainThread]: running dbt with arguments {'printer_width': '80', 'indirect_selection': 'eager', 'write_json': 'True', 'log_cache_events': 'False', 'partial_parse': 'True', 'cache_selected_only': 'False', 'profiles_dir': 'C:\\Users\\Robel\\.dbt', 'version_check': 'True', 'debug': 'False', 'log_path': 'D:\\KAIM\\WEEK 7\\KAIM WEEK7\\my_project\\logs', 'fail_fast': 'False', 'warn_error': 'None', 'use_colors': 'True', 'use_experimental_parser': 'False', 'no_print': 'None', 'quiet': 'False', 'empty': 'False', 'log_format': 'default', 'invocation_command': 'dbt run --profiles-dir C:\\Users\\Robel\\.dbt', 'static_parser': 'True', 'introspect': 'True', 'target_path': 'None', 'warn_error_options': 'WarnErrorOptions(include=[], exclude=[])', 'send_anonymous_usage_stats': 'True'}
[0m13:44:20.202767 [warn ] [MainThread]: [[33mWARNING[0m]: Deprecated functionality
The `target-path` config in `dbt_project.yml` has been deprecated, and will no
longer be supported in a future version of dbt-core. If you wish to write dbt
artifacts to a custom directory, please use the --target-path CLI flag or
DBT_TARGET_PATH env var instead.
[0m13:44:20.205737 [debug] [MainThread]: Sending event: {'category': 'dbt', 'action': 'deprecation', 'label': '6c2124a6-3254-40de-b3da-f6882be0d2ec', 'property_': 'warn', 'context': [<snowplow_tracker.self_describing_json.SelfDescribingJson object at 0x0000015E8A8AAB90>]}
[0m13:44:20.631708 [debug] [MainThread]: Sending event: {'category': 'dbt', 'action': 'project_id', 'label': '6c2124a6-3254-40de-b3da-f6882be0d2ec', 'context': [<snowplow_tracker.self_describing_json.SelfDescribingJson object at 0x0000015E8ACA8410>]}
[0m13:44:20.774702 [debug] [MainThread]: Sending event: {'category': 'dbt', 'action': 'adapter_info', 'label': '6c2124a6-3254-40de-b3da-f6882be0d2ec', 'context': [<snowplow_tracker.self_describing_json.SelfDescribingJson object at 0x0000015E86842BD0>]}
[0m13:44:20.777703 [info ] [MainThread]: Registered adapter: postgres=1.9.0
[0m13:44:21.424659 [debug] [MainThread]: checksum: 12b12750b70de726cfd89136b8e24afc3f3e77597a97bff40ab7e5f9b39d5e18, vars: {}, profile: , target: , version: 1.9.2
[0m13:44:21.762668 [debug] [MainThread]: Partial parsing enabled: 0 files deleted, 0 files added, 1 files changed.
[0m13:44:21.763673 [debug] [MainThread]: Partial parsing: updated file: my_project://D:/KAIM/WEEK 7/KAIM WEEK7/my_project/models\my_model.sql
[0m13:44:22.241611 [error] [MainThread]: Encountered an error:
Compilation Error
  Model 'model.my_project.my_model' (D:/KAIM/WEEK 7/KAIM WEEK7/my_project/models\my_model.sql) depends on a node named 'cleaned_data' which was not found
[0m13:44:22.248610 [debug] [MainThread]: Command `dbt run` failed at 13:44:22.247609 after 2.41 seconds
[0m13:44:22.250609 [debug] [MainThread]: Sending event: {'category': 'dbt', 'action': 'invocation', 'label': 'end', 'context': [<snowplow_tracker.self_describing_json.SelfDescribingJson object at 0x0000015E8A8C16D0>, <snowplow_tracker.self_describing_json.SelfDescribingJson object at 0x0000015E8A8C3550>, <snowplow_tracker.self_describing_json.SelfDescribingJson object at 0x0000015E8B4DAA90>]}
[0m13:44:22.252610 [debug] [MainThread]: Flushing usage events
[0m13:44:23.101605 [debug] [MainThread]: An error was encountered while trying to flush usage events
[0m13:54:27.969705 [debug] [MainThread]: Sending event: {'category': 'dbt', 'action': 'invocation', 'label': 'start', 'context': [<snowplow_tracker.self_describing_json.SelfDescribingJson object at 0x0000021F99F8A1D0>, <snowplow_tracker.self_describing_json.SelfDescribingJson object at 0x0000021F99F8AA90>, <snowplow_tracker.self_describing_json.SelfDescribingJson object at 0x0000021F99F8BDD0>]}


============================== 13:54:27.977730 | 5a598315-9a34-4f2c-87e8-74590a3cdf9f ==============================
[0m13:54:27.977730 [info ] [MainThread]: Running with dbt=1.9.2
[0m13:54:27.980702 [debug] [MainThread]: running dbt with arguments {'printer_width': '80', 'indirect_selection': 'eager', 'write_json': 'True', 'log_cache_events': 'False', 'partial_parse': 'True', 'cache_selected_only': 'False', 'warn_error': 'None', 'debug': 'False', 'fail_fast': 'False', 'log_path': 'D:\\KAIM\\WEEK 7\\KAIM WEEK7\\my_project\\logs', 'version_check': 'True', 'profiles_dir': 'C:\\Users\\Robel\\.dbt', 'use_colors': 'True', 'use_experimental_parser': 'False', 'empty': 'False', 'quiet': 'False', 'no_print': 'None', 'log_format': 'default', 'static_parser': 'True', 'invocation_command': 'dbt run --profiles-dir C:\\Users\\Robel\\.dbt', 'warn_error_options': 'WarnErrorOptions(include=[], exclude=[])', 'target_path': 'None', 'introspect': 'True', 'send_anonymous_usage_stats': 'True'}
[0m13:54:28.155721 [warn ] [MainThread]: [[33mWARNING[0m]: Deprecated functionality
The `target-path` config in `dbt_project.yml` has been deprecated, and will no
longer be supported in a future version of dbt-core. If you wish to write dbt
artifacts to a custom directory, please use the --target-path CLI flag or
DBT_TARGET_PATH env var instead.
[0m13:54:28.158723 [debug] [MainThread]: Sending event: {'category': 'dbt', 'action': 'deprecation', 'label': '5a598315-9a34-4f2c-87e8-74590a3cdf9f', 'property_': 'warn', 'context': [<snowplow_tracker.self_describing_json.SelfDescribingJson object at 0x0000021F99FA8A50>]}
[0m13:54:28.544665 [debug] [MainThread]: Sending event: {'category': 'dbt', 'action': 'project_id', 'label': '5a598315-9a34-4f2c-87e8-74590a3cdf9f', 'context': [<snowplow_tracker.self_describing_json.SelfDescribingJson object at 0x0000021F9A2C6790>]}
[0m13:54:28.675690 [debug] [MainThread]: Sending event: {'category': 'dbt', 'action': 'adapter_info', 'label': '5a598315-9a34-4f2c-87e8-74590a3cdf9f', 'context': [<snowplow_tracker.self_describing_json.SelfDescribingJson object at 0x0000021F95F42BD0>]}
[0m13:54:28.678659 [info ] [MainThread]: Registered adapter: postgres=1.9.0
[0m13:54:29.364617 [debug] [MainThread]: checksum: 12b12750b70de726cfd89136b8e24afc3f3e77597a97bff40ab7e5f9b39d5e18, vars: {}, profile: , target: , version: 1.9.2
[0m13:54:29.672627 [debug] [MainThread]: Partial parsing enabled: 0 files deleted, 1 files added, 1 files changed.
[0m13:54:29.673627 [debug] [MainThread]: Partial parsing: added file: my_project://D:/KAIM/WEEK 7/KAIM WEEK7/my_project/models\sources\sources.yml
[0m13:54:29.674627 [debug] [MainThread]: Partial parsing: updated file: my_project://D:/KAIM/WEEK 7/KAIM WEEK7/my_project/models\my_model.sql
[0m13:54:30.422549 [debug] [MainThread]: Sending event: {'category': 'dbt', 'action': 'load_project', 'label': '5a598315-9a34-4f2c-87e8-74590a3cdf9f', 'context': [<snowplow_tracker.self_describing_json.SelfDescribingJson object at 0x0000021F9A78A510>]}
[0m13:54:30.554541 [debug] [MainThread]: Wrote artifact WritableManifest to D:/KAIM/WEEK 7/KAIM WEEK7/my_project/target\manifest.json
[0m13:54:30.587568 [debug] [MainThread]: Wrote artifact SemanticManifest to D:/KAIM/WEEK 7/KAIM WEEK7/my_project/target\semantic_manifest.json
[0m13:54:30.980515 [debug] [MainThread]: Sending event: {'category': 'dbt', 'action': 'resource_counts', 'label': '5a598315-9a34-4f2c-87e8-74590a3cdf9f', 'context': [<snowplow_tracker.self_describing_json.SelfDescribingJson object at 0x0000021F9B2ED650>]}
[0m13:54:30.983513 [info ] [MainThread]: Found 1 model, 1 source, 431 macros
[0m13:54:30.987514 [debug] [MainThread]: Sending event: {'category': 'dbt', 'action': 'runnable_timing', 'label': '5a598315-9a34-4f2c-87e8-74590a3cdf9f', 'context': [<snowplow_tracker.self_describing_json.SelfDescribingJson object at 0x0000021F9A3D4950>]}
[0m13:54:30.998514 [info ] [MainThread]: 
[0m13:54:31.000514 [info ] [MainThread]: Concurrency: 4 threads (target='dev')
[0m13:54:31.003513 [info ] [MainThread]: 
[0m13:54:31.005512 [debug] [MainThread]: Acquiring new postgres connection 'master'
[0m13:54:31.009512 [debug] [ThreadPool]: Acquiring new postgres connection 'list_telegram_data'
[0m13:54:31.307493 [debug] [ThreadPool]: Using postgres connection "list_telegram_data"
[0m13:54:31.309492 [debug] [ThreadPool]: On list_telegram_data: /* {"app": "dbt", "dbt_version": "1.9.2", "profile_name": "my_project", "target_name": "dev", "connection_name": "list_telegram_data"} */

    select distinct nspname from pg_namespace
  
[0m13:54:31.310492 [debug] [ThreadPool]: Opening a new connection, currently in state init
[0m13:54:31.405521 [debug] [ThreadPool]: SQL status: SELECT 5 in 0.095 seconds
[0m13:54:31.427515 [debug] [ThreadPool]: On list_telegram_data: Close
[0m13:54:31.430485 [debug] [ThreadPool]: Acquiring new postgres connection 'list_telegram_data_cleaned_data'
[0m13:54:31.443484 [debug] [ThreadPool]: Using postgres connection "list_telegram_data_cleaned_data"
[0m13:54:31.444484 [debug] [ThreadPool]: On list_telegram_data_cleaned_data: BEGIN
[0m13:54:31.445484 [debug] [ThreadPool]: Opening a new connection, currently in state init
[0m13:54:31.671470 [debug] [ThreadPool]: SQL status: BEGIN in 0.226 seconds
[0m13:54:31.672469 [debug] [ThreadPool]: Using postgres connection "list_telegram_data_cleaned_data"
[0m13:54:31.673469 [debug] [ThreadPool]: On list_telegram_data_cleaned_data: /* {"app": "dbt", "dbt_version": "1.9.2", "profile_name": "my_project", "target_name": "dev", "connection_name": "list_telegram_data_cleaned_data"} */
select
      'telegram_data' as database,
      tablename as name,
      schemaname as schema,
      'table' as type
    from pg_tables
    where schemaname ilike 'cleaned_data'
    union all
    select
      'telegram_data' as database,
      viewname as name,
      schemaname as schema,
      'view' as type
    from pg_views
    where schemaname ilike 'cleaned_data'
    union all
    select
      'telegram_data' as database,
      matviewname as name,
      schemaname as schema,
      'materialized_view' as type
    from pg_matviews
    where schemaname ilike 'cleaned_data'
  
[0m13:54:31.688500 [debug] [ThreadPool]: SQL status: SELECT 0 in 0.015 seconds
[0m13:54:31.691469 [debug] [ThreadPool]: On list_telegram_data_cleaned_data: ROLLBACK
[0m13:54:31.693510 [debug] [ThreadPool]: On list_telegram_data_cleaned_data: Close
[0m13:54:31.705501 [debug] [MainThread]: Using postgres connection "master"
[0m13:54:31.706500 [debug] [MainThread]: On master: BEGIN
[0m13:54:31.707499 [debug] [MainThread]: Opening a new connection, currently in state init
[0m13:54:31.774469 [debug] [MainThread]: SQL status: BEGIN in 0.066 seconds
[0m13:54:31.775465 [debug] [MainThread]: Using postgres connection "master"
[0m13:54:31.776465 [debug] [MainThread]: On master: /* {"app": "dbt", "dbt_version": "1.9.2", "profile_name": "my_project", "target_name": "dev", "connection_name": "master"} */
with relation as (
        select
            pg_rewrite.ev_class as class,
            pg_rewrite.oid as id
        from pg_rewrite
    ),
    class as (
        select
            oid as id,
            relname as name,
            relnamespace as schema,
            relkind as kind
        from pg_class
    ),
    dependency as (
        select distinct
            pg_depend.objid as id,
            pg_depend.refobjid as ref
        from pg_depend
    ),
    schema as (
        select
            pg_namespace.oid as id,
            pg_namespace.nspname as name
        from pg_namespace
        where nspname != 'information_schema' and nspname not like 'pg\_%'
    ),
    referenced as (
        select
            relation.id AS id,
            referenced_class.name ,
            referenced_class.schema ,
            referenced_class.kind
        from relation
        join class as referenced_class on relation.class=referenced_class.id
        where referenced_class.kind in ('r', 'v', 'm')
    ),
    relationships as (
        select
            referenced.name as referenced_name,
            referenced.schema as referenced_schema_id,
            dependent_class.name as dependent_name,
            dependent_class.schema as dependent_schema_id,
            referenced.kind as kind
        from referenced
        join dependency on referenced.id=dependency.id
        join class as dependent_class on dependency.ref=dependent_class.id
        where
            (referenced.name != dependent_class.name or
             referenced.schema != dependent_class.schema)
    )

    select
        referenced_schema.name as referenced_schema,
        relationships.referenced_name as referenced_name,
        dependent_schema.name as dependent_schema,
        relationships.dependent_name as dependent_name
    from relationships
    join schema as dependent_schema on relationships.dependent_schema_id=dependent_schema.id
    join schema as referenced_schema on relationships.referenced_schema_id=referenced_schema.id
    group by referenced_schema, referenced_name, dependent_schema, dependent_name
    order by referenced_schema, referenced_name, dependent_schema, dependent_name;
[0m13:54:31.790464 [debug] [MainThread]: SQL status: SELECT 0 in 0.012 seconds
[0m13:54:31.793465 [debug] [MainThread]: Sending event: {'category': 'dbt', 'action': 'runnable_timing', 'label': '5a598315-9a34-4f2c-87e8-74590a3cdf9f', 'context': [<snowplow_tracker.self_describing_json.SelfDescribingJson object at 0x0000021F9B2FC0D0>]}
[0m13:54:31.794464 [debug] [MainThread]: On master: ROLLBACK
[0m13:54:31.795465 [debug] [MainThread]: Using postgres connection "master"
[0m13:54:31.796464 [debug] [MainThread]: On master: BEGIN
[0m13:54:31.798463 [debug] [MainThread]: SQL status: BEGIN in 0.000 seconds
[0m13:54:31.799461 [debug] [MainThread]: On master: COMMIT
[0m13:54:31.799461 [debug] [MainThread]: Using postgres connection "master"
[0m13:54:31.800462 [debug] [MainThread]: On master: COMMIT
[0m13:54:31.801461 [debug] [MainThread]: SQL status: COMMIT in 0.000 seconds
[0m13:54:31.802462 [debug] [MainThread]: On master: Close
[0m13:54:31.829459 [debug] [Thread-1 (]: Began running node model.my_project.my_model
[0m13:54:31.831463 [info ] [Thread-1 (]: 1 of 1 START sql view model cleaned_data.my_model .............................. [RUN]
[0m13:54:31.833460 [debug] [Thread-1 (]: Acquiring new postgres connection 'model.my_project.my_model'
[0m13:54:31.834460 [debug] [Thread-1 (]: Began compiling node model.my_project.my_model
[0m13:54:31.975452 [debug] [Thread-1 (]: Writing injected SQL for node "model.my_project.my_model"
[0m13:54:31.977452 [debug] [Thread-1 (]: Began executing node model.my_project.my_model
[0m13:54:32.047448 [debug] [Thread-1 (]: Writing runtime sql for node "model.my_project.my_model"
[0m13:54:32.050446 [debug] [Thread-1 (]: Using postgres connection "model.my_project.my_model"
[0m13:54:32.052476 [debug] [Thread-1 (]: On model.my_project.my_model: BEGIN
[0m13:54:32.053470 [debug] [Thread-1 (]: Opening a new connection, currently in state init
[0m13:54:32.127442 [debug] [Thread-1 (]: SQL status: BEGIN in 0.073 seconds
[0m13:54:32.129442 [debug] [Thread-1 (]: Using postgres connection "model.my_project.my_model"
[0m13:54:32.130442 [debug] [Thread-1 (]: On model.my_project.my_model: /* {"app": "dbt", "dbt_version": "1.9.2", "profile_name": "my_project", "target_name": "dev", "node_id": "model.my_project.my_model"} */

  create view "telegram_data"."cleaned_data"."my_model__dbt_tmp"
    
    
  as (
    -- models/my_model.sql
SELECT *
FROM "telegram_data"."public"."cleaned_data"
WHERE "Channel" = 'doctorset'
  );
[0m13:54:32.244434 [debug] [Thread-1 (]: SQL status: CREATE VIEW in 0.112 seconds
[0m13:54:32.262435 [debug] [Thread-1 (]: Using postgres connection "model.my_project.my_model"
[0m13:54:32.264434 [debug] [Thread-1 (]: On model.my_project.my_model: /* {"app": "dbt", "dbt_version": "1.9.2", "profile_name": "my_project", "target_name": "dev", "node_id": "model.my_project.my_model"} */
alter table "telegram_data"."cleaned_data"."my_model__dbt_tmp" rename to "my_model"
[0m13:54:32.290432 [debug] [Thread-1 (]: SQL status: ALTER TABLE in 0.025 seconds
[0m13:54:32.320429 [debug] [Thread-1 (]: On model.my_project.my_model: COMMIT
[0m13:54:32.321428 [debug] [Thread-1 (]: Using postgres connection "model.my_project.my_model"
[0m13:54:32.323431 [debug] [Thread-1 (]: On model.my_project.my_model: COMMIT
[0m13:54:32.328429 [debug] [Thread-1 (]: SQL status: COMMIT in 0.003 seconds
[0m13:54:32.342429 [debug] [Thread-1 (]: Applying DROP to: "telegram_data"."cleaned_data"."my_model__dbt_backup"
[0m13:54:32.354429 [debug] [Thread-1 (]: Using postgres connection "model.my_project.my_model"
[0m13:54:32.377441 [debug] [Thread-1 (]: On model.my_project.my_model: /* {"app": "dbt", "dbt_version": "1.9.2", "profile_name": "my_project", "target_name": "dev", "node_id": "model.my_project.my_model"} */
drop view if exists "telegram_data"."cleaned_data"."my_model__dbt_backup" cascade
[0m13:54:32.381464 [debug] [Thread-1 (]: SQL status: DROP VIEW in 0.003 seconds
[0m13:54:32.386425 [debug] [Thread-1 (]: On model.my_project.my_model: Close
[0m13:54:32.391425 [debug] [Thread-1 (]: Sending event: {'category': 'dbt', 'action': 'run_model', 'label': '5a598315-9a34-4f2c-87e8-74590a3cdf9f', 'context': [<snowplow_tracker.self_describing_json.SelfDescribingJson object at 0x0000021F9ACF4090>]}
[0m13:54:32.394426 [info ] [Thread-1 (]: 1 of 1 OK created sql view model cleaned_data.my_model ......................... [[32mCREATE VIEW[0m in 0.55s]
[0m13:54:32.397427 [debug] [Thread-1 (]: Finished running node model.my_project.my_model
[0m13:54:32.400426 [debug] [MainThread]: Using postgres connection "master"
[0m13:54:32.401456 [debug] [MainThread]: On master: BEGIN
[0m13:54:32.402440 [debug] [MainThread]: Opening a new connection, currently in state closed
[0m13:54:32.491418 [debug] [MainThread]: SQL status: BEGIN in 0.089 seconds
[0m13:54:32.493419 [debug] [MainThread]: On master: COMMIT
[0m13:54:32.493419 [debug] [MainThread]: Using postgres connection "master"
[0m13:54:32.494419 [debug] [MainThread]: On master: COMMIT
[0m13:54:32.495418 [debug] [MainThread]: SQL status: COMMIT in 0.000 seconds
[0m13:54:32.496418 [debug] [MainThread]: On master: Close
[0m13:54:32.497418 [debug] [MainThread]: Connection 'master' was properly closed.
[0m13:54:32.500421 [debug] [MainThread]: Connection 'list_telegram_data' was properly closed.
[0m13:54:32.502423 [debug] [MainThread]: Connection 'list_telegram_data_cleaned_data' was properly closed.
[0m13:54:32.504422 [debug] [MainThread]: Connection 'model.my_project.my_model' was properly closed.
[0m13:54:32.506420 [info ] [MainThread]: 
[0m13:54:32.509420 [info ] [MainThread]: Finished running 1 view model in 0 hours 0 minutes and 1.50 seconds (1.50s).
[0m13:54:32.511418 [debug] [MainThread]: Command end result
[0m13:54:32.652412 [debug] [MainThread]: Wrote artifact WritableManifest to D:/KAIM/WEEK 7/KAIM WEEK7/my_project/target\manifest.json
[0m13:54:32.659408 [debug] [MainThread]: Wrote artifact SemanticManifest to D:/KAIM/WEEK 7/KAIM WEEK7/my_project/target\semantic_manifest.json
[0m13:54:32.674408 [debug] [MainThread]: Wrote artifact RunExecutionResult to D:/KAIM/WEEK 7/KAIM WEEK7/my_project/target\run_results.json
[0m13:54:32.676409 [info ] [MainThread]: 
[0m13:54:32.678408 [info ] [MainThread]: [32mCompleted successfully[0m
[0m13:54:32.680406 [info ] [MainThread]: 
[0m13:54:32.681446 [info ] [MainThread]: Done. PASS=1 WARN=0 ERROR=0 SKIP=0 TOTAL=1
[0m13:54:32.686414 [debug] [MainThread]: Command `dbt run` succeeded at 13:54:32.685411 after 4.87 seconds
[0m13:54:32.688438 [debug] [MainThread]: Sending event: {'category': 'dbt', 'action': 'invocation', 'label': 'end', 'context': [<snowplow_tracker.self_describing_json.SelfDescribingJson object at 0x0000021F94703290>, <snowplow_tracker.self_describing_json.SelfDescribingJson object at 0x0000021F94686550>, <snowplow_tracker.self_describing_json.SelfDescribingJson object at 0x0000021F94686590>]}
[0m13:54:32.689437 [debug] [MainThread]: Flushing usage events
[0m13:54:36.255185 [debug] [MainThread]: An error was encountered while trying to flush usage events
